Using pre-set license
Built from '2020.3/release' branch; Version is '2020.3.12f1 (b3b2c6512326) revision 11776710'; Using compiler version '192528614'; Build Type 'Release'
OS: 'Windows 10 Home Single Language; OS build 19043.1348; Version 2009; 64bit' Language: 'en' Physical Memory: 8001 MB
BatchMode: 1, IsHumanControllingUs: 0, StartBugReporterOnCrash: 0, Is64bit: 1, IsPro: 0

 COMMAND LINE ARGUMENTS:
C:\Program Files\Unity\Hub\Editor\2020.3.12f1\Editor\Unity.exe
-adb2
-batchMode
-noUpm
-name
AssetImportWorker3
-projectPath
C:/Users/ASUS/Desktop/Capstone Project/NME_EG/RPG
-logFile
Logs/AssetImportWorker3.log
-srvPort
50339
Successfully changed project path to: C:/Users/ASUS/Desktop/Capstone Project/NME_EG/RPG
C:/Users/ASUS/Desktop/Capstone Project/NME_EG/RPG
Using Asset Import Pipeline V2.
Refreshing native plugins compatible for Editor in 149.25 ms, found 3 plugins.
Preloading 0 native plugins for Editor in 0.00 ms.
Initialize engine version: 2020.3.12f1 (b3b2c6512326)
[Subsystems] Discovering subsystems at path C:/Program Files/Unity/Hub/Editor/2020.3.12f1/Editor/Data/Resources/UnitySubsystems
[Subsystems] Discovering subsystems at path C:/Users/ASUS/Desktop/Capstone Project/NME_EG/RPG/Assets
GfxDevice: creating device client; threaded=0
Direct3D:
    Version:  Direct3D 11.0 [level 11.1]
    Renderer: NVIDIA GeForce GTX 1650 (ID=0x1f91)
    Vendor:   
    VRAM:     3962 MB
    Driver:   27.21.14.5763
Initialize mono
Mono path[0] = 'C:/Program Files/Unity/Hub/Editor/2020.3.12f1/Editor/Data/Managed'
Mono path[1] = 'C:/Program Files/Unity/Hub/Editor/2020.3.12f1/Editor/Data/MonoBleedingEdge/lib/mono/unityjit'
Mono config path = 'C:/Program Files/Unity/Hub/Editor/2020.3.12f1/Editor/Data/MonoBleedingEdge/etc'
Using monoOptions --debugger-agent=transport=dt_socket,embedding=1,server=y,suspend=n,address=127.0.0.1:56928
Begin MonoManager ReloadAssembly
Registering precompiled unity dll's ...
Register platform support module: C:/Program Files/Unity/Hub/Editor/2020.3.12f1/Editor/Data/PlaybackEngines/WebGLSupport/UnityEditor.WebGL.Extensions.dll
Register platform support module: C:/Program Files/Unity/Hub/Editor/2020.3.12f1/Editor/Data/PlaybackEngines/WindowsStandaloneSupport/UnityEditor.WindowsStandalone.Extensions.dll
Registered in 0.003872 seconds.
Native extension for WindowsStandalone target not found
Native extension for WebGL target not found
Refreshing native plugins compatible for Editor in 139.00 ms, found 3 plugins.
Preloading 0 native plugins for Editor in 0.00 ms.
Mono: successfully reloaded assembly
- Completed reload, in  2.108 seconds
Platform modules already initialized, skipping
Registering precompiled user dll's ...
Registered in 0.008867 seconds.
Begin MonoManager ReloadAssembly
Native extension for WindowsStandalone target not found
Native extension for WebGL target not found
Refreshing native plugins compatible for Editor in 131.50 ms, found 3 plugins.
Preloading 0 native plugins for Editor in 0.00 ms.
Mono: successfully reloaded assembly
- Completed reload, in  1.868 seconds
Platform modules already initialized, skipping
========================================================================
Worker process is ready to serve import requests
Launched and connected shader compiler UnityShaderCompiler.exe after 0.23 seconds
Refreshing native plugins compatible for Editor in 2.10 ms, found 3 plugins.
Preloading 0 native plugins for Editor in 0.00 ms.
Unloading 2314 Unused Serialized files (Serialized files now loaded: 0)
System memory in use before: 102.4 MB.
System memory in use after: 102.6 MB.

Unloading 31 unused Assets to reduce memory usage. Loaded Objects now: 2757.
Total: 4.018900 ms (FindLiveObjects: 0.346100 ms CreateObjectMapping: 0.088900 ms MarkObjects: 3.474700 ms  DeleteObjects: 0.107300 ms)

AssetImportParameters requested are different than current active one (requested -> active):
  custom:framework-win-MediaFoundation: 216162199b28c13a410421893ffa2e32 -> 
  custom:video-decoder-ogg-theora: a1e56fd34408186e4bbccfd4996cb3dc -> 
  custom:container-muxer-webm: aa71ff27fc2769a1b78a27578f13a17b -> 
  custom:container-demuxer-webm: 4f35f7cbe854078d1ac9338744f61a02 -> 
  custom:container-demuxer-ogg: 62fdf1f143b41e24485cea50d1cbac27 -> 
  custom:video-encoder-webm-vp8: eb34c28f22e8b96e1ab97ce403110664 -> 
  custom:video-codec-MediaFoundation-h265: 746d11721c4dcdbdad8f713fa42b33f4 -> 
  custom:video-decoder-webm-vp8: 9c59270c3fd7afecdb556c50c9e8de78 -> 
  custom:audio-decoder-ogg-vorbis: bf7c407c2cedff20999df2af8eb42d56 -> 
  custom:audio-encoder-webm-vorbis: bf7c407c2cedff20999df2af8eb42d56 -> 
========================================================================
Received Import Request.
  path: Assets/Scenes/school cutscene.unity
  artifactKey: Guid(22d313defac133840bd3ee309c817a0f) Importer(815301076,1909f56bfc062723c751e8b465ee728b)
Start importing Assets/Scenes/school cutscene.unity using Guid(22d313defac133840bd3ee309c817a0f) Importer(815301076,1909f56bfc062723c751e8b465ee728b)  -> (artifact id: '24b9922ed370b3ad5d11874b54349528') in 0.072841 seconds 
  Import took 0.078435 seconds .

========================================================================
Received Import Request.
  Time since last request: 24.773704 seconds.
  path: Assets/Scenes/MainMenu.unity
  artifactKey: Guid(0e1b1619a542c3d4e9444fd7225f4b91) Importer(815301076,1909f56bfc062723c751e8b465ee728b)
Start importing Assets/Scenes/MainMenu.unity using Guid(0e1b1619a542c3d4e9444fd7225f4b91) Importer(815301076,1909f56bfc062723c751e8b465ee728b)  -> (artifact id: '2ec00d05cc8f42de013d3077029f5bdd') in 0.011676 seconds 
  Import took 0.017807 seconds .

========================================================================
Received Prepare
Registering precompiled user dll's ...
Registered in 0.009499 seconds.
Begin MonoManager ReloadAssembly
Native extension for WindowsStandalone target not found
Native extension for WebGL target not found
Refreshing native plugins compatible for Editor in 1.28 ms, found 3 plugins.
Preloading 0 native plugins for Editor in 0.00 ms.
Mono: successfully reloaded assembly
- Completed reload, in  1.438 seconds
Platform modules already initialized, skipping
Refreshing native plugins compatible for Editor in 1.84 ms, found 3 plugins.
Preloading 0 native plugins for Editor in 0.00 ms.
Unloading 2302 Unused Serialized files (Serialized files now loaded: 0)
System memory in use before: 101.9 MB.
System memory in use after: 102.1 MB.

Unloading 19 unused Assets to reduce memory usage. Loaded Objects now: 2761.
Total: 4.656800 ms (FindLiveObjects: 1.046900 ms CreateObjectMapping: 0.145900 ms MarkObjects: 3.435900 ms  DeleteObjects: 0.026400 ms)

AssetImportParameters requested are different than current active one (requested -> active):
  custom:framework-win-MediaFoundation: 216162199b28c13a410421893ffa2e32 -> 
  custom:video-decoder-ogg-theora: a1e56fd34408186e4bbccfd4996cb3dc -> 
  custom:container-muxer-webm: aa71ff27fc2769a1b78a27578f13a17b -> 
  custom:container-demuxer-webm: 4f35f7cbe854078d1ac9338744f61a02 -> 
  custom:container-demuxer-ogg: 62fdf1f143b41e24485cea50d1cbac27 -> 
  custom:video-encoder-webm-vp8: eb34c28f22e8b96e1ab97ce403110664 -> 
  custom:video-codec-MediaFoundation-h265: 746d11721c4dcdbdad8f713fa42b33f4 -> 
  custom:video-decoder-webm-vp8: 9c59270c3fd7afecdb556c50c9e8de78 -> 
  custom:audio-decoder-ogg-vorbis: bf7c407c2cedff20999df2af8eb42d56 -> 
  custom:audio-encoder-webm-vorbis: bf7c407c2cedff20999df2af8eb42d56 -> 
========================================================================
Received Prepare
Registering precompiled user dll's ...
Registered in 0.010448 seconds.
Begin MonoManager ReloadAssembly
Native extension for WindowsStandalone target not found
Native extension for WebGL target not found
Refreshing native plugins compatible for Editor in 1.87 ms, found 3 plugins.
Preloading 0 native plugins for Editor in 0.00 ms.
Mono: successfully reloaded assembly
- Completed reload, in  1.633 seconds
Platform modules already initialized, skipping
Refreshing native plugins compatible for Editor in 1.89 ms, found 3 plugins.
Preloading 0 native plugins for Editor in 0.00 ms.
Unloading 2302 Unused Serialized files (Serialized files now loaded: 0)
System memory in use before: 101.9 MB.
System memory in use after: 102.1 MB.

Unloading 19 unused Assets to reduce memory usage. Loaded Objects now: 2765.
Total: 4.574500 ms (FindLiveObjects: 0.303700 ms CreateObjectMapping: 0.072800 ms MarkObjects: 4.163700 ms  DeleteObjects: 0.032000 ms)

AssetImportParameters requested are different than current active one (requested -> active):
  custom:framework-win-MediaFoundation: 216162199b28c13a410421893ffa2e32 -> 
  custom:video-decoder-ogg-theora: a1e56fd34408186e4bbccfd4996cb3dc -> 
  custom:container-muxer-webm: aa71ff27fc2769a1b78a27578f13a17b -> 
  custom:container-demuxer-webm: 4f35f7cbe854078d1ac9338744f61a02 -> 
  custom:container-demuxer-ogg: 62fdf1f143b41e24485cea50d1cbac27 -> 
  custom:video-encoder-webm-vp8: eb34c28f22e8b96e1ab97ce403110664 -> 
  custom:video-codec-MediaFoundation-h265: 746d11721c4dcdbdad8f713fa42b33f4 -> 
  custom:video-decoder-webm-vp8: 9c59270c3fd7afecdb556c50c9e8de78 -> 
  custom:audio-decoder-ogg-vorbis: bf7c407c2cedff20999df2af8eb42d56 -> 
  custom:audio-encoder-webm-vorbis: bf7c407c2cedff20999df2af8eb42d56 -> 
========================================================================
Received Import Request.
  Time since last request: 395.525611 seconds.
  path: Assets/Scenes/FINAL BINONDO cutscene.unity
  artifactKey: Guid(aa157f3122b3070419e57eb9702814ad) Importer(815301076,1909f56bfc062723c751e8b465ee728b)
Start importing Assets/Scenes/FINAL BINONDO cutscene.unity using Guid(aa157f3122b3070419e57eb9702814ad) Importer(815301076,1909f56bfc062723c751e8b465ee728b)  -> (artifact id: '1629ba040b696366275be6cb73189761') in 0.023869 seconds 
  Import took 0.029870 seconds .

========================================================================
Received Prepare
Registering precompiled user dll's ...
Registered in 0.013124 seconds.
Begin MonoManager ReloadAssembly
Native extension for WindowsStandalone target not found
Native extension for WebGL target not found
Refreshing native plugins compatible for Editor in 1.35 ms, found 3 plugins.
Preloading 0 native plugins for Editor in 0.00 ms.
Mono: successfully reloaded assembly
- Completed reload, in  1.367 seconds
Platform modules already initialized, skipping
Refreshing native plugins compatible for Editor in 1.88 ms, found 3 plugins.
Preloading 0 native plugins for Editor in 0.00 ms.
Unloading 2302 Unused Serialized files (Serialized files now loaded: 0)
System memory in use before: 101.9 MB.
System memory in use after: 102.2 MB.

Unloading 19 unused Assets to reduce memory usage. Loaded Objects now: 2769.
Total: 2.928400 ms (FindLiveObjects: 0.347500 ms CreateObjectMapping: 0.083400 ms MarkObjects: 2.469200 ms  DeleteObjects: 0.026500 ms)

AssetImportParameters requested are different than current active one (requested -> active):
  custom:framework-win-MediaFoundation: 216162199b28c13a410421893ffa2e32 -> 
  custom:video-decoder-ogg-theora: a1e56fd34408186e4bbccfd4996cb3dc -> 
  custom:container-muxer-webm: aa71ff27fc2769a1b78a27578f13a17b -> 
  custom:container-demuxer-webm: 4f35f7cbe854078d1ac9338744f61a02 -> 
  custom:container-demuxer-ogg: 62fdf1f143b41e24485cea50d1cbac27 -> 
  custom:video-encoder-webm-vp8: eb34c28f22e8b96e1ab97ce403110664 -> 
  custom:video-codec-MediaFoundation-h265: 746d11721c4dcdbdad8f713fa42b33f4 -> 
  custom:video-decoder-webm-vp8: 9c59270c3fd7afecdb556c50c9e8de78 -> 
  custom:audio-decoder-ogg-vorbis: bf7c407c2cedff20999df2af8eb42d56 -> 
  custom:audio-encoder-webm-vorbis: bf7c407c2cedff20999df2af8eb42d56 -> 
========================================================================
Received Import Request.
  Time since last request: 338.771325 seconds.
  path: Assets/Game/Core/CoreObjects.prefab
  artifactKey: Guid(84c63c10754173b4780cc7fe05d76462) Importer(815301076,1909f56bfc062723c751e8b465ee728b)
Start importing Assets/Game/Core/CoreObjects.prefab using Guid(84c63c10754173b4780cc7fe05d76462) Importer(815301076,1909f56bfc062723c751e8b465ee728b)  -> (artifact id: '2833f0b36af6328d75f1d27302536489') in 0.351670 seconds 
  Import took 0.357790 seconds .

========================================================================
Received Import Request.
  Time since last request: 0.000244 seconds.
  path: Assets/Game/Core/Player.prefab
  artifactKey: Guid(f2f5a68f9f2b4e545a49e6147aa0a0a0) Importer(815301076,1909f56bfc062723c751e8b465ee728b)
Start importing Assets/Game/Core/Player.prefab using Guid(f2f5a68f9f2b4e545a49e6147aa0a0a0) Importer(815301076,1909f56bfc062723c751e8b465ee728b)  -> (artifact id: 'c715af9b6f5e58dc226a5e6aed90fa76') in 0.021254 seconds 
  Import took 0.028921 seconds .

========================================================================
Received Import Request.
  Time since last request: 0.000514 seconds.
  path: Assets/Game/Core/GameController.prefab
  artifactKey: Guid(5052cdbe416a4ae47a1356504b29e8e9) Importer(815301076,1909f56bfc062723c751e8b465ee728b)
Start importing Assets/Game/Core/GameController.prefab using Guid(5052cdbe416a4ae47a1356504b29e8e9) Importer(815301076,1909f56bfc062723c751e8b465ee728b)  -> (artifact id: '5399f60e2da8d9fafc850188ce7d1d4a') in 0.012616 seconds 
  Import took 0.019084 seconds .

========================================================================
Received Import Request.
  Time since last request: 10.510370 seconds.
  path: Assets/Game/Core/CoreObjects.prefab
  artifactKey: Guid(84c63c10754173b4780cc7fe05d76462) Importer(815301076,1909f56bfc062723c751e8b465ee728b)
Start importing Assets/Game/Core/CoreObjects.prefab using Guid(84c63c10754173b4780cc7fe05d76462) Importer(815301076,1909f56bfc062723c751e8b465ee728b)  -> (artifact id: '9b9197bc08d6f75a29ecf1b91524756a') in 0.031100 seconds 
  Import took 0.038615 seconds .

========================================================================
Received Prepare
Registering precompiled user dll's ...
Registered in 0.010590 seconds.
Begin MonoManager ReloadAssembly
Native extension for WindowsStandalone target not found
Native extension for WebGL target not found
Refreshing native plugins compatible for Editor in 1.22 ms, found 3 plugins.
Preloading 0 native plugins for Editor in 0.00 ms.
Mono: successfully reloaded assembly
- Completed reload, in  1.367 seconds
Platform modules already initialized, skipping
Refreshing native plugins compatible for Editor in 1.35 ms, found 3 plugins.
Preloading 0 native plugins for Editor in 0.00 ms.
Unloading 2302 Unused Serialized files (Serialized files now loaded: 0)
System memory in use before: 105.0 MB.
System memory in use after: 105.3 MB.

Unloading 21 unused Assets to reduce memory usage. Loaded Objects now: 2782.
Total: 2.870400 ms (FindLiveObjects: 0.280800 ms CreateObjectMapping: 0.066100 ms MarkObjects: 2.489300 ms  DeleteObjects: 0.032600 ms)

AssetImportParameters requested are different than current active one (requested -> active):
  custom:framework-win-MediaFoundation: 216162199b28c13a410421893ffa2e32 -> 
  custom:video-decoder-ogg-theora: a1e56fd34408186e4bbccfd4996cb3dc -> 
  custom:container-muxer-webm: aa71ff27fc2769a1b78a27578f13a17b -> 
  custom:container-demuxer-webm: 4f35f7cbe854078d1ac9338744f61a02 -> 
  custom:container-demuxer-ogg: 62fdf1f143b41e24485cea50d1cbac27 -> 
  custom:video-encoder-webm-vp8: eb34c28f22e8b96e1ab97ce403110664 -> 
  custom:video-codec-MediaFoundation-h265: 746d11721c4dcdbdad8f713fa42b33f4 -> 
  custom:video-decoder-webm-vp8: 9c59270c3fd7afecdb556c50c9e8de78 -> 
  custom:audio-decoder-ogg-vorbis: bf7c407c2cedff20999df2af8eb42d56 -> 
  custom:audio-encoder-webm-vorbis: bf7c407c2cedff20999df2af8eb42d56 -> 
========================================================================
Received Prepare
Registering precompiled user dll's ...
Registered in 0.010653 seconds.
Begin MonoManager ReloadAssembly
Native extension for WindowsStandalone target not found
Native extension for WebGL target not found
Refreshing native plugins compatible for Editor in 1.24 ms, found 3 plugins.
Preloading 0 native plugins for Editor in 0.00 ms.
Mono: successfully reloaded assembly
- Completed reload, in  1.338 seconds
Platform modules already initialized, skipping
Refreshing native plugins compatible for Editor in 1.23 ms, found 3 plugins.
Preloading 0 native plugins for Editor in 0.00 ms.
Unloading 2302 Unused Serialized files (Serialized files now loaded: 0)
System memory in use before: 105.0 MB.
System memory in use after: 105.2 MB.

Unloading 19 unused Assets to reduce memory usage. Loaded Objects now: 2786.
Total: 2.886600 ms (FindLiveObjects: 0.294600 ms CreateObjectMapping: 0.078100 ms MarkObjects: 2.490700 ms  DeleteObjects: 0.021700 ms)

AssetImportParameters requested are different than current active one (requested -> active):
  custom:framework-win-MediaFoundation: 216162199b28c13a410421893ffa2e32 -> 
  custom:video-decoder-ogg-theora: a1e56fd34408186e4bbccfd4996cb3dc -> 
  custom:container-muxer-webm: aa71ff27fc2769a1b78a27578f13a17b -> 
  custom:container-demuxer-webm: 4f35f7cbe854078d1ac9338744f61a02 -> 
  custom:container-demuxer-ogg: 62fdf1f143b41e24485cea50d1cbac27 -> 
  custom:video-encoder-webm-vp8: eb34c28f22e8b96e1ab97ce403110664 -> 
  custom:video-codec-MediaFoundation-h265: 746d11721c4dcdbdad8f713fa42b33f4 -> 
  custom:video-decoder-webm-vp8: 9c59270c3fd7afecdb556c50c9e8de78 -> 
  custom:audio-decoder-ogg-vorbis: bf7c407c2cedff20999df2af8eb42d56 -> 
  custom:audio-encoder-webm-vorbis: bf7c407c2cedff20999df2af8eb42d56 -> 
========================================================================
Received Import Request.
  Time since last request: 704.874926 seconds.
  path: Assets/Scenes/Part1/A Part1.unity
  artifactKey: Guid(107f9c712d5609440bd45d9b20b40eec) Importer(815301076,1909f56bfc062723c751e8b465ee728b)
Start importing Assets/Scenes/Part1/A Part1.unity using Guid(107f9c712d5609440bd45d9b20b40eec) Importer(815301076,1909f56bfc062723c751e8b465ee728b)  -> (artifact id: '1c8034578baf4e406f7b2e23a4990470') in 0.068550 seconds 
  Import took 0.074340 seconds .

========================================================================
Received Prepare
Registering precompiled user dll's ...
Registered in 0.011428 seconds.
Begin MonoManager ReloadAssembly
Native extension for WindowsStandalone target not found
Native extension for WebGL target not found
Refreshing native plugins compatible for Editor in 2.19 ms, found 3 plugins.
Preloading 0 native plugins for Editor in 0.00 ms.
Mono: successfully reloaded assembly
- Completed reload, in  1.499 seconds
Platform modules already initialized, skipping
Refreshing native plugins compatible for Editor in 1.22 ms, found 3 plugins.
Preloading 0 native plugins for Editor in 0.00 ms.
Unloading 2302 Unused Serialized files (Serialized files now loaded: 0)
System memory in use before: 105.1 MB.
System memory in use after: 105.3 MB.

Unloading 19 unused Assets to reduce memory usage. Loaded Objects now: 2790.
Total: 3.030200 ms (FindLiveObjects: 0.411500 ms CreateObjectMapping: 0.118000 ms MarkObjects: 2.476100 ms  DeleteObjects: 0.022900 ms)

AssetImportParameters requested are different than current active one (requested -> active):
  custom:framework-win-MediaFoundation: 216162199b28c13a410421893ffa2e32 -> 
  custom:video-decoder-ogg-theora: a1e56fd34408186e4bbccfd4996cb3dc -> 
  custom:container-muxer-webm: aa71ff27fc2769a1b78a27578f13a17b -> 
  custom:container-demuxer-webm: 4f35f7cbe854078d1ac9338744f61a02 -> 
  custom:container-demuxer-ogg: 62fdf1f143b41e24485cea50d1cbac27 -> 
  custom:video-encoder-webm-vp8: eb34c28f22e8b96e1ab97ce403110664 -> 
  custom:video-codec-MediaFoundation-h265: 746d11721c4dcdbdad8f713fa42b33f4 -> 
  custom:video-decoder-webm-vp8: 9c59270c3fd7afecdb556c50c9e8de78 -> 
  custom:audio-decoder-ogg-vorbis: bf7c407c2cedff20999df2af8eb42d56 -> 
  custom:audio-encoder-webm-vorbis: bf7c407c2cedff20999df2af8eb42d56 -> 
========================================================================
Received Import Request.
  Time since last request: 39.404564 seconds.
  path: Assets/Scenes/FINAL BINONDO.unity
  artifactKey: Guid(9f50666221490cb4e92e997dbc76986a) Importer(815301076,1909f56bfc062723c751e8b465ee728b)
Start importing Assets/Scenes/FINAL BINONDO.unity using Guid(9f50666221490cb4e92e997dbc76986a) Importer(815301076,1909f56bfc062723c751e8b465ee728b)  -> (artifact id: '9857802684455c1f204bd03dec58117a') in 0.024663 seconds 
  Import took 0.030080 seconds .

========================================================================
Received Prepare
Registering precompiled user dll's ...
Registered in 0.009374 seconds.
Begin MonoManager ReloadAssembly
Native extension for WindowsStandalone target not found
Native extension for WebGL target not found
Refreshing native plugins compatible for Editor in 2.28 ms, found 3 plugins.
Preloading 0 native plugins for Editor in 0.00 ms.
Mono: successfully reloaded assembly
- Completed reload, in  1.830 seconds
Platform modules already initialized, skipping
Refreshing native plugins compatible for Editor in 1.24 ms, found 3 plugins.
Preloading 0 native plugins for Editor in 0.00 ms.
Unloading 2302 Unused Serialized files (Serialized files now loaded: 0)
System memory in use before: 105.1 MB.
System memory in use after: 105.3 MB.

Unloading 19 unused Assets to reduce memory usage. Loaded Objects now: 2794.
Total: 3.898700 ms (FindLiveObjects: 0.387900 ms CreateObjectMapping: 0.099600 ms MarkObjects: 3.384900 ms  DeleteObjects: 0.024800 ms)

AssetImportParameters requested are different than current active one (requested -> active):
  custom:framework-win-MediaFoundation: 216162199b28c13a410421893ffa2e32 -> 
  custom:video-decoder-ogg-theora: a1e56fd34408186e4bbccfd4996cb3dc -> 
  custom:container-muxer-webm: aa71ff27fc2769a1b78a27578f13a17b -> 
  custom:container-demuxer-webm: 4f35f7cbe854078d1ac9338744f61a02 -> 
  custom:container-demuxer-ogg: 62fdf1f143b41e24485cea50d1cbac27 -> 
  custom:video-encoder-webm-vp8: eb34c28f22e8b96e1ab97ce403110664 -> 
  custom:video-codec-MediaFoundation-h265: 746d11721c4dcdbdad8f713fa42b33f4 -> 
  custom:video-decoder-webm-vp8: 9c59270c3fd7afecdb556c50c9e8de78 -> 
  custom:audio-decoder-ogg-vorbis: bf7c407c2cedff20999df2af8eb42d56 -> 
  custom:audio-encoder-webm-vorbis: bf7c407c2cedff20999df2af8eb42d56 -> 
========================================================================
Received Import Request.
  Time since last request: 171.283302 seconds.
  path: Assets/Scenes/FINAL BINONDO.unity
  artifactKey: Guid(9f50666221490cb4e92e997dbc76986a) Importer(815301076,1909f56bfc062723c751e8b465ee728b)
Start importing Assets/Scenes/FINAL BINONDO.unity using Guid(9f50666221490cb4e92e997dbc76986a) Importer(815301076,1909f56bfc062723c751e8b465ee728b)  -> (artifact id: '70e7512b5014ece42adbf3479a2e3a76') in 0.022808 seconds 
  Import took 0.028856 seconds .

========================================================================
Received Import Request.
  Time since last request: 29.918679 seconds.
  path: Assets/Scenes/construction site.unity
  artifactKey: Guid(7ba250fc02ae4864d868cefd08f6381e) Importer(815301076,1909f56bfc062723c751e8b465ee728b)
Start importing Assets/Scenes/construction site.unity using Guid(7ba250fc02ae4864d868cefd08f6381e) Importer(815301076,1909f56bfc062723c751e8b465ee728b)  -> (artifact id: 'a0ad42c92843838885e70179549e7648') in 0.011476 seconds 
  Import took 0.016957 seconds .

========================================================================
Received Import Request.
  Time since last request: 1.181282 seconds.
  path: Assets/Scenes/FINAL BINONDO.unity
  artifactKey: Guid(9f50666221490cb4e92e997dbc76986a) Importer(815301076,1909f56bfc062723c751e8b465ee728b)
Start importing Assets/Scenes/FINAL BINONDO.unity using Guid(9f50666221490cb4e92e997dbc76986a) Importer(815301076,1909f56bfc062723c751e8b465ee728b)  -> (artifact id: '45e39af63ab5183332bbc131312f1e92') in 0.007838 seconds 
  Import took 0.015087 seconds .

========================================================================
Received Prepare
Registering precompiled user dll's ...
Registered in 0.008079 seconds.
Begin MonoManager ReloadAssembly
Native extension for WindowsStandalone target not found
Native extension for WebGL target not found
Refreshing native plugins compatible for Editor in 1.69 ms, found 3 plugins.
Preloading 0 native plugins for Editor in 0.00 ms.
Mono: successfully reloaded assembly
- Completed reload, in  1.658 seconds
Platform modules already initialized, skipping
Refreshing native plugins compatible for Editor in 1.47 ms, found 3 plugins.
Preloading 0 native plugins for Editor in 0.00 ms.
Unloading 2302 Unused Serialized files (Serialized files now loaded: 0)
System memory in use before: 105.1 MB.
System memory in use after: 105.3 MB.

Unloading 19 unused Assets to reduce memory usage. Loaded Objects now: 2798.
Total: 4.636300 ms (FindLiveObjects: 0.618400 ms CreateObjectMapping: 0.122600 ms MarkObjects: 3.868300 ms  DeleteObjects: 0.024500 ms)

AssetImportParameters requested are different than current active one (requested -> active):
  custom:framework-win-MediaFoundation: 216162199b28c13a410421893ffa2e32 -> 
  custom:video-decoder-ogg-theora: a1e56fd34408186e4bbccfd4996cb3dc -> 
  custom:container-muxer-webm: aa71ff27fc2769a1b78a27578f13a17b -> 
  custom:container-demuxer-webm: 4f35f7cbe854078d1ac9338744f61a02 -> 
  custom:container-demuxer-ogg: 62fdf1f143b41e24485cea50d1cbac27 -> 
  custom:video-encoder-webm-vp8: eb34c28f22e8b96e1ab97ce403110664 -> 
  custom:video-codec-MediaFoundation-h265: 746d11721c4dcdbdad8f713fa42b33f4 -> 
  custom:video-decoder-webm-vp8: 9c59270c3fd7afecdb556c50c9e8de78 -> 
  custom:audio-decoder-ogg-vorbis: bf7c407c2cedff20999df2af8eb42d56 -> 
  custom:audio-encoder-webm-vorbis: bf7c407c2cedff20999df2af8eb42d56 -> 
========================================================================
Received Prepare
Registering precompiled user dll's ...
Registered in 0.008910 seconds.
Begin MonoManager ReloadAssembly
Native extension for WindowsStandalone target not found
Native extension for WebGL target not found
Refreshing native plugins compatible for Editor in 1.21 ms, found 3 plugins.
Preloading 0 native plugins for Editor in 0.00 ms.
Mono: successfully reloaded assembly
- Completed reload, in  1.354 seconds
Platform modules already initialized, skipping
Refreshing native plugins compatible for Editor in 1.58 ms, found 3 plugins.
Preloading 0 native plugins for Editor in 0.00 ms.
Unloading 2302 Unused Serialized files (Serialized files now loaded: 0)
System memory in use before: 105.1 MB.
System memory in use after: 105.3 MB.

Unloading 19 unused Assets to reduce memory usage. Loaded Objects now: 2802.
Total: 4.515500 ms (FindLiveObjects: 0.337700 ms CreateObjectMapping: 0.089000 ms MarkObjects: 4.053100 ms  DeleteObjects: 0.033600 ms)

AssetImportParameters requested are different than current active one (requested -> active):
  custom:framework-win-MediaFoundation: 216162199b28c13a410421893ffa2e32 -> 
  custom:video-decoder-ogg-theora: a1e56fd34408186e4bbccfd4996cb3dc -> 
  custom:container-muxer-webm: aa71ff27fc2769a1b78a27578f13a17b -> 
  custom:container-demuxer-webm: 4f35f7cbe854078d1ac9338744f61a02 -> 
  custom:container-demuxer-ogg: 62fdf1f143b41e24485cea50d1cbac27 -> 
  custom:video-encoder-webm-vp8: eb34c28f22e8b96e1ab97ce403110664 -> 
  custom:video-codec-MediaFoundation-h265: 746d11721c4dcdbdad8f713fa42b33f4 -> 
  custom:video-decoder-webm-vp8: 9c59270c3fd7afecdb556c50c9e8de78 -> 
  custom:audio-decoder-ogg-vorbis: bf7c407c2cedff20999df2af8eb42d56 -> 
  custom:audio-encoder-webm-vorbis: bf7c407c2cedff20999df2af8eb42d56 -> 
========================================================================
Received Prepare
Registering precompiled user dll's ...
Registered in 0.012656 seconds.
Begin MonoManager ReloadAssembly
Native extension for WindowsStandalone target not found
Native extension for WebGL target not found
Refreshing native plugins compatible for Editor in 1.53 ms, found 3 plugins.
Preloading 0 native plugins for Editor in 0.00 ms.
Mono: successfully reloaded assembly
- Completed reload, in  1.379 seconds
Platform modules already initialized, skipping
Refreshing native plugins compatible for Editor in 1.23 ms, found 3 plugins.
Preloading 0 native plugins for Editor in 0.00 ms.
Unloading 2302 Unused Serialized files (Serialized files now loaded: 0)
System memory in use before: 105.0 MB.
System memory in use after: 105.2 MB.

Unloading 19 unused Assets to reduce memory usage. Loaded Objects now: 2806.
Total: 3.703400 ms (FindLiveObjects: 0.389600 ms CreateObjectMapping: 0.101700 ms MarkObjects: 3.182700 ms  DeleteObjects: 0.027800 ms)

AssetImportParameters requested are different than current active one (requested -> active):
  custom:framework-win-MediaFoundation: 216162199b28c13a410421893ffa2e32 -> 
  custom:video-decoder-ogg-theora: a1e56fd34408186e4bbccfd4996cb3dc -> 
  custom:container-muxer-webm: aa71ff27fc2769a1b78a27578f13a17b -> 
  custom:container-demuxer-webm: 4f35f7cbe854078d1ac9338744f61a02 -> 
  custom:container-demuxer-ogg: 62fdf1f143b41e24485cea50d1cbac27 -> 
  custom:video-encoder-webm-vp8: eb34c28f22e8b96e1ab97ce403110664 -> 
  custom:video-codec-MediaFoundation-h265: 746d11721c4dcdbdad8f713fa42b33f4 -> 
  custom:video-decoder-webm-vp8: 9c59270c3fd7afecdb556c50c9e8de78 -> 
  custom:audio-decoder-ogg-vorbis: bf7c407c2cedff20999df2af8eb42d56 -> 
  custom:audio-encoder-webm-vorbis: bf7c407c2cedff20999df2af8eb42d56 -> 
========================================================================
Received Prepare
Registering precompiled user dll's ...
Registered in 0.008520 seconds.
Begin MonoManager ReloadAssembly
Native extension for WindowsStandalone target not found
Native extension for WebGL target not found
Refreshing native plugins compatible for Editor in 1.93 ms, found 3 plugins.
Preloading 0 native plugins for Editor in 0.00 ms.
Mono: successfully reloaded assembly
- Completed reload, in  1.724 seconds
Platform modules already initialized, skipping
Refreshing native plugins compatible for Editor in 2.24 ms, found 3 plugins.
Preloading 0 native plugins for Editor in 0.00 ms.
Unloading 2302 Unused Serialized files (Serialized files now loaded: 0)
System memory in use before: 105.1 MB.
System memory in use after: 105.3 MB.

Unloading 19 unused Assets to reduce memory usage. Loaded Objects now: 2810.
Total: 4.409500 ms (FindLiveObjects: 0.396100 ms CreateObjectMapping: 0.093500 ms MarkObjects: 3.889700 ms  DeleteObjects: 0.028400 ms)

AssetImportParameters requested are different than current active one (requested -> active):
  custom:framework-win-MediaFoundation: 216162199b28c13a410421893ffa2e32 -> 
  custom:video-decoder-ogg-theora: a1e56fd34408186e4bbccfd4996cb3dc -> 
  custom:container-muxer-webm: aa71ff27fc2769a1b78a27578f13a17b -> 
  custom:container-demuxer-webm: 4f35f7cbe854078d1ac9338744f61a02 -> 
  custom:container-demuxer-ogg: 62fdf1f143b41e24485cea50d1cbac27 -> 
  custom:video-encoder-webm-vp8: eb34c28f22e8b96e1ab97ce403110664 -> 
  custom:video-codec-MediaFoundation-h265: 746d11721c4dcdbdad8f713fa42b33f4 -> 
  custom:video-decoder-webm-vp8: 9c59270c3fd7afecdb556c50c9e8de78 -> 
  custom:audio-decoder-ogg-vorbis: bf7c407c2cedff20999df2af8eb42d56 -> 
  custom:audio-encoder-webm-vorbis: bf7c407c2cedff20999df2af8eb42d56 -> 
========================================================================
Received Prepare
Registering precompiled user dll's ...
Registered in 0.011131 seconds.
Begin MonoManager ReloadAssembly
Native extension for WindowsStandalone target not found
Native extension for WebGL target not found
Refreshing native plugins compatible for Editor in 1.22 ms, found 3 plugins.
Preloading 0 native plugins for Editor in 0.00 ms.
Mono: successfully reloaded assembly
- Completed reload, in  1.339 seconds
Platform modules already initialized, skipping
Refreshing native plugins compatible for Editor in 1.67 ms, found 3 plugins.
Preloading 0 native plugins for Editor in 0.00 ms.
Unloading 2302 Unused Serialized files (Serialized files now loaded: 0)
System memory in use before: 105.1 MB.
System memory in use after: 105.3 MB.

Unloading 19 unused Assets to reduce memory usage. Loaded Objects now: 2814.
Total: 3.660200 ms (FindLiveObjects: 0.282100 ms CreateObjectMapping: 0.138500 ms MarkObjects: 3.213000 ms  DeleteObjects: 0.025200 ms)

AssetImportParameters requested are different than current active one (requested -> active):
  custom:framework-win-MediaFoundation: 216162199b28c13a410421893ffa2e32 -> 
  custom:video-decoder-ogg-theora: a1e56fd34408186e4bbccfd4996cb3dc -> 
  custom:container-muxer-webm: aa71ff27fc2769a1b78a27578f13a17b -> 
  custom:container-demuxer-webm: 4f35f7cbe854078d1ac9338744f61a02 -> 
  custom:container-demuxer-ogg: 62fdf1f143b41e24485cea50d1cbac27 -> 
  custom:video-encoder-webm-vp8: eb34c28f22e8b96e1ab97ce403110664 -> 
  custom:video-codec-MediaFoundation-h265: 746d11721c4dcdbdad8f713fa42b33f4 -> 
  custom:video-decoder-webm-vp8: 9c59270c3fd7afecdb556c50c9e8de78 -> 
  custom:audio-decoder-ogg-vorbis: bf7c407c2cedff20999df2af8eb42d56 -> 
  custom:audio-encoder-webm-vorbis: bf7c407c2cedff20999df2af8eb42d56 -> 
========================================================================
Received Import Request.
  Time since last request: 1044.947792 seconds.
  path: Assets/Game/Core/GameController.prefab
  artifactKey: Guid(5052cdbe416a4ae47a1356504b29e8e9) Importer(815301076,1909f56bfc062723c751e8b465ee728b)
Start importing Assets/Game/Core/GameController.prefab using Guid(5052cdbe416a4ae47a1356504b29e8e9) Importer(815301076,1909f56bfc062723c751e8b465ee728b)  -> (artifact id: '4590f320e2dbb5020573501eebc0681f') in 0.041244 seconds 
  Import took 0.045927 seconds .

========================================================================
Received Import Request.
  Time since last request: 0.000225 seconds.
  path: Assets/Game/Core/CoreObjects.prefab
  artifactKey: Guid(84c63c10754173b4780cc7fe05d76462) Importer(815301076,1909f56bfc062723c751e8b465ee728b)
Start importing Assets/Game/Core/CoreObjects.prefab using Guid(84c63c10754173b4780cc7fe05d76462) Importer(815301076,1909f56bfc062723c751e8b465ee728b)  -> (artifact id: 'c2aa3a8131efc0f724874bfabaf6ea4a') in 0.095142 seconds 
  Import took 0.100669 seconds .

========================================================================
Received Import Request.
  Time since last request: 16.108637 seconds.
  path: Assets/Game/Core/CoreObjects.prefab
  artifactKey: Guid(84c63c10754173b4780cc7fe05d76462) Importer(815301076,1909f56bfc062723c751e8b465ee728b)
Start importing Assets/Game/Core/CoreObjects.prefab using Guid(84c63c10754173b4780cc7fe05d76462) Importer(815301076,1909f56bfc062723c751e8b465ee728b)  -> (artifact id: '17c854f857ec9c28fcec6510d81b651e') in 0.029675 seconds 
  Import took 0.036034 seconds .

========================================================================
Received Prepare
Registering precompiled user dll's ...
Registered in 0.010742 seconds.
Begin MonoManager ReloadAssembly
Native extension for WindowsStandalone target not found
Native extension for WebGL target not found
Refreshing native plugins compatible for Editor in 1.96 ms, found 3 plugins.
Preloading 0 native plugins for Editor in 0.00 ms.
Mono: successfully reloaded assembly
- Completed reload, in  1.395 seconds
Platform modules already initialized, skipping
Refreshing native plugins compatible for Editor in 3.13 ms, found 3 plugins.
Preloading 0 native plugins for Editor in 0.00 ms.
Unloading 2302 Unused Serialized files (Serialized files now loaded: 0)
System memory in use before: 105.2 MB.
System memory in use after: 105.4 MB.

Unloading 21 unused Assets to reduce memory usage. Loaded Objects now: 2819.
Total: 5.473900 ms (FindLiveObjects: 0.478500 ms CreateObjectMapping: 0.207700 ms MarkObjects: 4.748100 ms  DeleteObjects: 0.037500 ms)

AssetImportParameters requested are different than current active one (requested -> active):
  custom:framework-win-MediaFoundation: 216162199b28c13a410421893ffa2e32 -> 
  custom:video-decoder-ogg-theora: a1e56fd34408186e4bbccfd4996cb3dc -> 
  custom:container-muxer-webm: aa71ff27fc2769a1b78a27578f13a17b -> 
  custom:container-demuxer-webm: 4f35f7cbe854078d1ac9338744f61a02 -> 
  custom:container-demuxer-ogg: 62fdf1f143b41e24485cea50d1cbac27 -> 
  custom:video-encoder-webm-vp8: eb34c28f22e8b96e1ab97ce403110664 -> 
  custom:video-codec-MediaFoundation-h265: 746d11721c4dcdbdad8f713fa42b33f4 -> 
  custom:video-decoder-webm-vp8: 9c59270c3fd7afecdb556c50c9e8de78 -> 
  custom:audio-decoder-ogg-vorbis: bf7c407c2cedff20999df2af8eb42d56 -> 
  custom:audio-encoder-webm-vorbis: bf7c407c2cedff20999df2af8eb42d56 -> 
========================================================================
Received Prepare
Registering precompiled user dll's ...
Registered in 0.008919 seconds.
Begin MonoManager ReloadAssembly
Native extension for WindowsStandalone target not found
Native extension for WebGL target not found
Refreshing native plugins compatible for Editor in 1.51 ms, found 3 plugins.
Preloading 0 native plugins for Editor in 0.00 ms.
Mono: successfully reloaded assembly
- Completed reload, in  1.525 seconds
Platform modules already initialized, skipping
Refreshing native plugins compatible for Editor in 1.23 ms, found 3 plugins.
Preloading 0 native plugins for Editor in 0.00 ms.
Unloading 2302 Unused Serialized files (Serialized files now loaded: 0)
System memory in use before: 105.2 MB.
System memory in use after: 105.4 MB.

Unloading 19 unused Assets to reduce memory usage. Loaded Objects now: 2823.
Total: 3.085800 ms (FindLiveObjects: 0.347700 ms CreateObjectMapping: 0.078700 ms MarkObjects: 2.633400 ms  DeleteObjects: 0.024200 ms)

AssetImportParameters requested are different than current active one (requested -> active):
  custom:framework-win-MediaFoundation: 216162199b28c13a410421893ffa2e32 -> 
  custom:video-decoder-ogg-theora: a1e56fd34408186e4bbccfd4996cb3dc -> 
  custom:container-muxer-webm: aa71ff27fc2769a1b78a27578f13a17b -> 
  custom:container-demuxer-webm: 4f35f7cbe854078d1ac9338744f61a02 -> 
  custom:container-demuxer-ogg: 62fdf1f143b41e24485cea50d1cbac27 -> 
  custom:video-encoder-webm-vp8: eb34c28f22e8b96e1ab97ce403110664 -> 
  custom:video-codec-MediaFoundation-h265: 746d11721c4dcdbdad8f713fa42b33f4 -> 
  custom:video-decoder-webm-vp8: 9c59270c3fd7afecdb556c50c9e8de78 -> 
  custom:audio-decoder-ogg-vorbis: bf7c407c2cedff20999df2af8eb42d56 -> 
  custom:audio-encoder-webm-vorbis: bf7c407c2cedff20999df2af8eb42d56 -> 
========================================================================
Received Import Request.
  Time since last request: 1004.822099 seconds.
  path: Assets/Scenes/Part1/CITY 1.unity
  artifactKey: Guid(c3f0dc6c1e560a24db3e9f366625ddae) Importer(815301076,1909f56bfc062723c751e8b465ee728b)
Start importing Assets/Scenes/Part1/CITY 1.unity using Guid(c3f0dc6c1e560a24db3e9f366625ddae) Importer(815301076,1909f56bfc062723c751e8b465ee728b)  -> (artifact id: '8236d1c67fdeb0666c71ea0dde487ec6') in 0.021058 seconds 
  Import took 0.026136 seconds .

========================================================================
Received Prepare
Registering precompiled user dll's ...
Registered in 0.009749 seconds.
Begin MonoManager ReloadAssembly
Native extension for WindowsStandalone target not found
Native extension for WebGL target not found
Refreshing native plugins compatible for Editor in 1.26 ms, found 3 plugins.
Preloading 0 native plugins for Editor in 0.00 ms.
Mono: successfully reloaded assembly
- Completed reload, in  1.689 seconds
Platform modules already initialized, skipping
Refreshing native plugins compatible for Editor in 1.74 ms, found 3 plugins.
Preloading 0 native plugins for Editor in 0.00 ms.
Unloading 2302 Unused Serialized files (Serialized files now loaded: 0)
System memory in use before: 105.1 MB.
System memory in use after: 105.3 MB.

Unloading 19 unused Assets to reduce memory usage. Loaded Objects now: 2827.
Total: 4.272200 ms (FindLiveObjects: 0.383400 ms CreateObjectMapping: 0.121900 ms MarkObjects: 3.738100 ms  DeleteObjects: 0.026800 ms)

AssetImportParameters requested are different than current active one (requested -> active):
  custom:framework-win-MediaFoundation: 216162199b28c13a410421893ffa2e32 -> 
  custom:video-decoder-ogg-theora: a1e56fd34408186e4bbccfd4996cb3dc -> 
  custom:container-muxer-webm: aa71ff27fc2769a1b78a27578f13a17b -> 
  custom:container-demuxer-webm: 4f35f7cbe854078d1ac9338744f61a02 -> 
  custom:container-demuxer-ogg: 62fdf1f143b41e24485cea50d1cbac27 -> 
  custom:video-encoder-webm-vp8: eb34c28f22e8b96e1ab97ce403110664 -> 
  custom:video-codec-MediaFoundation-h265: 746d11721c4dcdbdad8f713fa42b33f4 -> 
  custom:video-decoder-webm-vp8: 9c59270c3fd7afecdb556c50c9e8de78 -> 
  custom:audio-decoder-ogg-vorbis: bf7c407c2cedff20999df2af8eb42d56 -> 
  custom:audio-encoder-webm-vorbis: bf7c407c2cedff20999df2af8eb42d56 -> 
========================================================================
Received Prepare
Registering precompiled user dll's ...
Registered in 0.008036 seconds.
Begin MonoManager ReloadAssembly
Native extension for WindowsStandalone target not found
Native extension for WebGL target not found
Refreshing native plugins compatible for Editor in 1.73 ms, found 3 plugins.
Preloading 0 native plugins for Editor in 0.00 ms.
Mono: successfully reloaded assembly
- Completed reload, in  1.622 seconds
Platform modules already initialized, skipping
Refreshing native plugins compatible for Editor in 1.93 ms, found 3 plugins.
Preloading 0 native plugins for Editor in 0.00 ms.
Unloading 2302 Unused Serialized files (Serialized files now loaded: 0)
System memory in use before: 105.2 MB.
System memory in use after: 105.4 MB.

Unloading 19 unused Assets to reduce memory usage. Loaded Objects now: 2831.
Total: 4.088700 ms (FindLiveObjects: 0.308300 ms CreateObjectMapping: 0.071200 ms MarkObjects: 3.643200 ms  DeleteObjects: 0.063700 ms)

AssetImportParameters requested are different than current active one (requested -> active):
  custom:framework-win-MediaFoundation: 216162199b28c13a410421893ffa2e32 -> 
  custom:video-decoder-ogg-theora: a1e56fd34408186e4bbccfd4996cb3dc -> 
  custom:container-muxer-webm: aa71ff27fc2769a1b78a27578f13a17b -> 
  custom:container-demuxer-webm: 4f35f7cbe854078d1ac9338744f61a02 -> 
  custom:container-demuxer-ogg: 62fdf1f143b41e24485cea50d1cbac27 -> 
  custom:video-encoder-webm-vp8: eb34c28f22e8b96e1ab97ce403110664 -> 
  custom:video-codec-MediaFoundation-h265: 746d11721c4dcdbdad8f713fa42b33f4 -> 
  custom:video-decoder-webm-vp8: 9c59270c3fd7afecdb556c50c9e8de78 -> 
  custom:audio-decoder-ogg-vorbis: bf7c407c2cedff20999df2af8eb42d56 -> 
  custom:audio-encoder-webm-vorbis: bf7c407c2cedff20999df2af8eb42d56 -> 
========================================================================
Received Prepare
Registering precompiled user dll's ...
Registered in 0.099815 seconds.
Begin MonoManager ReloadAssembly
Native extension for WindowsStandalone target not found
Native extension for WebGL target not found
Refreshing native plugins compatible for Editor in 1.49 ms, found 3 plugins.
Preloading 0 native plugins for Editor in 0.00 ms.
Mono: successfully reloaded assembly
- Completed reload, in  5.031 seconds
Platform modules already initialized, skipping
Refreshing native plugins compatible for Editor in 1.47 ms, found 3 plugins.
Preloading 0 native plugins for Editor in 0.00 ms.
Unloading 2302 Unused Serialized files (Serialized files now loaded: 0)
System memory in use before: 105.2 MB.
System memory in use after: 105.4 MB.

Unloading 19 unused Assets to reduce memory usage. Loaded Objects now: 2835.
Total: 5.845700 ms (FindLiveObjects: 0.309000 ms CreateObjectMapping: 0.068900 ms MarkObjects: 5.130400 ms  DeleteObjects: 0.335000 ms)

AssetImportParameters requested are different than current active one (requested -> active):
  custom:framework-win-MediaFoundation: 216162199b28c13a410421893ffa2e32 -> 
  custom:video-decoder-ogg-theora: a1e56fd34408186e4bbccfd4996cb3dc -> 
  custom:container-muxer-webm: aa71ff27fc2769a1b78a27578f13a17b -> 
  custom:container-demuxer-webm: 4f35f7cbe854078d1ac9338744f61a02 -> 
  custom:container-demuxer-ogg: 62fdf1f143b41e24485cea50d1cbac27 -> 
  custom:video-encoder-webm-vp8: eb34c28f22e8b96e1ab97ce403110664 -> 
  custom:video-codec-MediaFoundation-h265: 746d11721c4dcdbdad8f713fa42b33f4 -> 
  custom:video-decoder-webm-vp8: 9c59270c3fd7afecdb556c50c9e8de78 -> 
  custom:audio-decoder-ogg-vorbis: bf7c407c2cedff20999df2af8eb42d56 -> 
  custom:audio-encoder-webm-vorbis: bf7c407c2cedff20999df2af8eb42d56 -> 
========================================================================
Received Import Request.
  Time since last request: 4186.670843 seconds.
  path: Assets/Scenes/Kapitan Tiago firstfloor 1.unity
  artifactKey: Guid(945b521a3d166c441aa672bcfcd0e861) Importer(815301076,1909f56bfc062723c751e8b465ee728b)
Start importing Assets/Scenes/Kapitan Tiago firstfloor 1.unity using Guid(945b521a3d166c441aa672bcfcd0e861) Importer(815301076,1909f56bfc062723c751e8b465ee728b)  -> (artifact id: 'f4662f08c3cbe13bb14375a71d484424') in 0.026964 seconds 
  Import took 0.033507 seconds .

========================================================================
Received Import Request.
  Time since last request: 6.931239 seconds.
  path: Assets/Scenes/Kapitan Tiago firstfloor.unity
  artifactKey: Guid(ba3d12ed2f5aef840a8d32902f858e7f) Importer(815301076,1909f56bfc062723c751e8b465ee728b)
Start importing Assets/Scenes/Kapitan Tiago firstfloor.unity using Guid(ba3d12ed2f5aef840a8d32902f858e7f) Importer(815301076,1909f56bfc062723c751e8b465ee728b)  -> (artifact id: 'c3157e644f6085962de7cd1249adffe6') in 0.007494 seconds 
  Import took 0.014503 seconds .

========================================================================
Received Import Request.
  Time since last request: 2182.669273 seconds.
  path: Assets/Scenes/CITY.unity
  artifactKey: Guid(75b30bb33ceb37d479d5c96c6c339e62) Importer(815301076,1909f56bfc062723c751e8b465ee728b)
Start importing Assets/Scenes/CITY.unity using Guid(75b30bb33ceb37d479d5c96c6c339e62) Importer(815301076,1909f56bfc062723c751e8b465ee728b)  -> (artifact id: 'c0e53ee7305ac0d2395a40e4b1f17cb7') in 0.008119 seconds 
  Import took 0.014249 seconds .

========================================================================
Received Import Request.
  Time since last request: 924.893966 seconds.
  path: Assets/Scenes/Kapitan Tiago firstfloor.unity
  artifactKey: Guid(ba3d12ed2f5aef840a8d32902f858e7f) Importer(815301076,1909f56bfc062723c751e8b465ee728b)
Start importing Assets/Scenes/Kapitan Tiago firstfloor.unity using Guid(ba3d12ed2f5aef840a8d32902f858e7f) Importer(815301076,1909f56bfc062723c751e8b465ee728b)  -> (artifact id: 'c2d8a8cb31ee5e66c2609e24b06daea1') in 0.007736 seconds 
  Import took 0.014363 seconds .

========================================================================
Received Import Request.
  Time since last request: 600.829541 seconds.
  path: Assets/Scripts/Saving
  artifactKey: Guid(ac5d4ee1eea3d6d459a507521dc3b3ab) Importer(815301076,1909f56bfc062723c751e8b465ee728b)
Start importing Assets/Scripts/Saving using Guid(ac5d4ee1eea3d6d459a507521dc3b3ab) Importer(815301076,1909f56bfc062723c751e8b465ee728b)  -> (artifact id: '3259038a5897a02e464fdba09df075be') in 0.006296 seconds 
  Import took 0.012572 seconds .

========================================================================
Received Import Request.
  Time since last request: 0.000912 seconds.
  path: Assets/Scripts/Saving
  artifactKey: Guid(ac5d4ee1eea3d6d459a507521dc3b3ab) Importer(815301076,1909f56bfc062723c751e8b465ee728b)
Start importing Assets/Scripts/Saving using Guid(ac5d4ee1eea3d6d459a507521dc3b3ab) Importer(815301076,1909f56bfc062723c751e8b465ee728b)  -> (artifact id: '3259038a5897a02e464fdba09df075be') in 0.005772 seconds 
  Import took 0.011100 seconds .

========================================================================
Received Import Request.
  Time since last request: 1.733656 seconds.
  path: Assets/Scripts/Saving/ISavable.cs
  artifactKey: Guid(fb7aefa4b46999843a201639435b87a1) Importer(815301076,1909f56bfc062723c751e8b465ee728b)
Start importing Assets/Scripts/Saving/ISavable.cs using Guid(fb7aefa4b46999843a201639435b87a1) Importer(815301076,1909f56bfc062723c751e8b465ee728b)  -> (artifact id: '5065b73623551a755237f57dd53d0a91') in 0.438937 seconds 
  Import took 0.445738 seconds .

========================================================================
Received Import Request.
  Time since last request: 0.000263 seconds.
  path: Assets/Scripts/Saving/SavableEntity.cs
  artifactKey: Guid(4881f89f8b930e34489bbb86116ccd4d) Importer(815301076,1909f56bfc062723c751e8b465ee728b)
Start importing Assets/Scripts/Saving/SavableEntity.cs using Guid(4881f89f8b930e34489bbb86116ccd4d) Importer(815301076,1909f56bfc062723c751e8b465ee728b)  -> (artifact id: 'a276d5fe692425d6d68d1da20cc969b5') in 0.006020 seconds 
  Import took 0.012253 seconds .

========================================================================
Received Import Request.
  Time since last request: 0.550581 seconds.
  path: Assets/Scripts/Saving/SavingSystem.cs
  artifactKey: Guid(96ddb908fa7c729419f05867d9550daf) Importer(815301076,1909f56bfc062723c751e8b465ee728b)
Start importing Assets/Scripts/Saving/SavingSystem.cs using Guid(96ddb908fa7c729419f05867d9550daf) Importer(815301076,1909f56bfc062723c751e8b465ee728b)  -> (artifact id: 'be3509f91893f044038c1ed3967d8958') in 0.165378 seconds 
  Import took 0.171351 seconds .

========================================================================
Received Prepare
Registering precompiled user dll's ...
Registered in 0.018999 seconds.
Begin MonoManager ReloadAssembly
Native extension for WindowsStandalone target not found
Native extension for WebGL target not found
Refreshing native plugins compatible for Editor in 2.60 ms, found 3 plugins.
Preloading 0 native plugins for Editor in 0.00 ms.
Mono: successfully reloaded assembly
- Completed reload, in  2.203 seconds
Platform modules already initialized, skipping
Refreshing native plugins compatible for Editor in 2.52 ms, found 3 plugins.
Preloading 0 native plugins for Editor in 0.00 ms.
Unloading 2302 Unused Serialized files (Serialized files now loaded: 0)
System memory in use before: 105.2 MB.
System memory in use after: 105.5 MB.

Unloading 19 unused Assets to reduce memory usage. Loaded Objects now: 2839.
Total: 7.098600 ms (FindLiveObjects: 0.610200 ms CreateObjectMapping: 0.365200 ms MarkObjects: 6.089800 ms  DeleteObjects: 0.030700 ms)

AssetImportParameters requested are different than current active one (requested -> active):
  custom:framework-win-MediaFoundation: 216162199b28c13a410421893ffa2e32 -> 
  custom:video-decoder-ogg-theora: a1e56fd34408186e4bbccfd4996cb3dc -> 
  custom:container-muxer-webm: aa71ff27fc2769a1b78a27578f13a17b -> 
  custom:container-demuxer-webm: 4f35f7cbe854078d1ac9338744f61a02 -> 
  custom:container-demuxer-ogg: 62fdf1f143b41e24485cea50d1cbac27 -> 
  custom:video-encoder-webm-vp8: eb34c28f22e8b96e1ab97ce403110664 -> 
  custom:video-codec-MediaFoundation-h265: 746d11721c4dcdbdad8f713fa42b33f4 -> 
  custom:video-decoder-webm-vp8: 9c59270c3fd7afecdb556c50c9e8de78 -> 
  custom:audio-decoder-ogg-vorbis: bf7c407c2cedff20999df2af8eb42d56 -> 
  custom:audio-encoder-webm-vorbis: bf7c407c2cedff20999df2af8eb42d56 -> 
========================================================================
Received Import Request.
  Time since last request: 482.471423 seconds.
  path: Assets/Scenes/Kapitan Tiago firstfloor 2.unity
  artifactKey: Guid(b0fae5dfc24ed6d46aa58a65ef147cd9) Importer(815301076,1909f56bfc062723c751e8b465ee728b)
Start importing Assets/Scenes/Kapitan Tiago firstfloor 2.unity using Guid(b0fae5dfc24ed6d46aa58a65ef147cd9) Importer(815301076,1909f56bfc062723c751e8b465ee728b)  -> (artifact id: '75521bff4c3ba15f3b49d7f4d46ec96d') in 0.024439 seconds 
  Import took 0.031055 seconds .

========================================================================
Received Import Request.
  Time since last request: 0.007407 seconds.
  path: Assets/Scenes/Kapitan Tiago firstfloor 2.unity
  artifactKey: Guid(b0fae5dfc24ed6d46aa58a65ef147cd9) Importer(815301076,1909f56bfc062723c751e8b465ee728b)
Start importing Assets/Scenes/Kapitan Tiago firstfloor 2.unity using Guid(b0fae5dfc24ed6d46aa58a65ef147cd9) Importer(815301076,1909f56bfc062723c751e8b465ee728b)  -> (artifact id: '75521bff4c3ba15f3b49d7f4d46ec96d') in 0.005964 seconds 
  Import took 0.012009 seconds .

========================================================================
Received Import Request.
  Time since last request: 10.182557 seconds.
  path: Assets/Scenes/Kapitan Tiago firstfloor Kabanata 3.unity
  artifactKey: Guid(b0fae5dfc24ed6d46aa58a65ef147cd9) Importer(815301076,1909f56bfc062723c751e8b465ee728b)
Start importing Assets/Scenes/Kapitan Tiago firstfloor Kabanata 3.unity using Guid(b0fae5dfc24ed6d46aa58a65ef147cd9) Importer(815301076,1909f56bfc062723c751e8b465ee728b)  -> (artifact id: 'c27d818f281809edc99dc3e8052a7fc5') in 0.005843 seconds 
  Import took 0.012010 seconds .

========================================================================
Received Import Request.
  Time since last request: 21.201383 seconds.
  path: Assets/Scenes/Kapitan Tiago firstfloor 2.unity
  artifactKey: Guid(e369c2a629392794caba58ab412cebde) Importer(815301076,1909f56bfc062723c751e8b465ee728b)
Start importing Assets/Scenes/Kapitan Tiago firstfloor 2.unity using Guid(e369c2a629392794caba58ab412cebde) Importer(815301076,1909f56bfc062723c751e8b465ee728b)  -> (artifact id: '982cc6bc989fc836ed4025c208a58b5f') in 0.006378 seconds 
  Import took 0.013600 seconds .

========================================================================
Received Import Request.
  Time since last request: 0.001425 seconds.
  path: Assets/Scenes/Kapitan Tiago firstfloor 2.unity
  artifactKey: Guid(e369c2a629392794caba58ab412cebde) Importer(815301076,1909f56bfc062723c751e8b465ee728b)
Start importing Assets/Scenes/Kapitan Tiago firstfloor 2.unity using Guid(e369c2a629392794caba58ab412cebde) Importer(815301076,1909f56bfc062723c751e8b465ee728b)  -> (artifact id: '982cc6bc989fc836ed4025c208a58b5f') in 0.005135 seconds 
  Import took 0.012539 seconds .

========================================================================
Received Import Request.
  Time since last request: 22.260172 seconds.
  path: Assets/Timeline
  artifactKey: Guid(457a083c2c76a1d42b0cb0ee7ae42c29) Importer(815301076,1909f56bfc062723c751e8b465ee728b)
Start importing Assets/Timeline using Guid(457a083c2c76a1d42b0cb0ee7ae42c29) Importer(815301076,1909f56bfc062723c751e8b465ee728b)  -> (artifact id: '0430bdda3cbb35e8f510c5ba5c79d8ab') in 0.007284 seconds 
  Import took 0.012856 seconds .

========================================================================
Received Import Request.
  Time since last request: 13.166229 seconds.
  path: Assets/Timeline/Kabanta 3.playable
  artifactKey: Guid(f468145c9a4c09f4dac25b9fc5d71934) Importer(815301076,1909f56bfc062723c751e8b465ee728b)
Start importing Assets/Timeline/Kabanta 3.playable using Guid(f468145c9a4c09f4dac25b9fc5d71934) Importer(815301076,1909f56bfc062723c751e8b465ee728b)  -> (artifact id: 'a79526d256f2af5e940ae926b59f40c5') in 0.012630 seconds 
  Import took 0.018556 seconds .

========================================================================
Received Import Request.
  Time since last request: 0.010098 seconds.
  path: Assets/Timeline/Kabanta 3.playable
  artifactKey: Guid(f468145c9a4c09f4dac25b9fc5d71934) Importer(815301076,1909f56bfc062723c751e8b465ee728b)
Start importing Assets/Timeline/Kabanta 3.playable using Guid(f468145c9a4c09f4dac25b9fc5d71934) Importer(815301076,1909f56bfc062723c751e8b465ee728b)  -> (artifact id: 'a79526d256f2af5e940ae926b59f40c5') in 0.005457 seconds 
  Import took 0.011065 seconds .

========================================================================
Received Import Request.
  Time since last request: 1784.152518 seconds.
  path: Assets/Timeline/KapitanTiago Cutscene Kabanta 3.playable
  artifactKey: Guid(f468145c9a4c09f4dac25b9fc5d71934) Importer(815301076,1909f56bfc062723c751e8b465ee728b)
Start importing Assets/Timeline/KapitanTiago Cutscene Kabanta 3.playable using Guid(f468145c9a4c09f4dac25b9fc5d71934) Importer(815301076,1909f56bfc062723c751e8b465ee728b)  -> (artifact id: '250306d2f351068812cab12b375e59ca') in 0.006984 seconds 
  Import took 0.014814 seconds .

========================================================================
Received Import Request.
  Time since last request: 8.031971 seconds.
  path: Assets/Timeline/KapitanTiago Cutscene Kabanata 3.playable
  artifactKey: Guid(f468145c9a4c09f4dac25b9fc5d71934) Importer(815301076,1909f56bfc062723c751e8b465ee728b)
Start importing Assets/Timeline/KapitanTiago Cutscene Kabanata 3.playable using Guid(f468145c9a4c09f4dac25b9fc5d71934) Importer(815301076,1909f56bfc062723c751e8b465ee728b)  -> (artifact id: 'f335afa8ef26d6b49f704167ae853b91') in 0.005883 seconds 
  Import took 0.011801 seconds .

========================================================================
Received Import Request.
  Time since last request: 996.239215 seconds.
  path: Assets/Arts/NPCRevised-Jham/Revised/NPC FORMAL Revise.png
  artifactKey: Guid(ce82c1c9d36220c49bbf6b12039643a3) Importer(815301076,1909f56bfc062723c751e8b465ee728b)
Start importing Assets/Arts/NPCRevised-Jham/Revised/NPC FORMAL Revise.png using Guid(ce82c1c9d36220c49bbf6b12039643a3) Importer(815301076,1909f56bfc062723c751e8b465ee728b)  -> (artifact id: 'fd76281a4980b088942c2c8705d7e009') in 0.321171 seconds 
  Import took 0.332470 seconds .

========================================================================
Received Import Request.
  Time since last request: 22.631001 seconds.
  path: Assets/Arts/NPCRevised-Jham/Revised/NPC FORMAL Revise.png
  artifactKey: Guid(ce82c1c9d36220c49bbf6b12039643a3) Importer(815301076,1909f56bfc062723c751e8b465ee728b)
Start importing Assets/Arts/NPCRevised-Jham/Revised/NPC FORMAL Revise.png using Guid(ce82c1c9d36220c49bbf6b12039643a3) Importer(815301076,1909f56bfc062723c751e8b465ee728b)  -> (artifact id: '311b8c7960ee4854536dee3f3d9b37d6') in 0.027948 seconds 
  Import took 0.038994 seconds .

========================================================================
Received Import Request.
  Time since last request: 25.875785 seconds.
  path: Assets/Arts/NPCRevised-Jham/Revised/NPC FORMAL Revise.png
  artifactKey: Guid(ce82c1c9d36220c49bbf6b12039643a3) Importer(815301076,1909f56bfc062723c751e8b465ee728b)
Start importing Assets/Arts/NPCRevised-Jham/Revised/NPC FORMAL Revise.png using Guid(ce82c1c9d36220c49bbf6b12039643a3) Importer(815301076,1909f56bfc062723c751e8b465ee728b)  -> (artifact id: 'f4cabbfd04b45dcd022ecaa1164b80c0') in 0.539069 seconds 
  Import took 0.550904 seconds .

========================================================================
Received Prepare
Registering precompiled user dll's ...
Registered in 0.009185 seconds.
Begin MonoManager ReloadAssembly
Native extension for WindowsStandalone target not found
Native extension for WebGL target not found
Refreshing native plugins compatible for Editor in 1.38 ms, found 3 plugins.
Preloading 0 native plugins for Editor in 0.00 ms.
Mono: successfully reloaded assembly
- Completed reload, in  1.979 seconds
Platform modules already initialized, skipping
Refreshing native plugins compatible for Editor in 1.79 ms, found 3 plugins.
Preloading 0 native plugins for Editor in 0.00 ms.
Unloading 2302 Unused Serialized files (Serialized files now loaded: 0)
System memory in use before: 105.3 MB.
System memory in use after: 105.5 MB.

Unloading 19 unused Assets to reduce memory usage. Loaded Objects now: 2849.
Total: 4.140000 ms (FindLiveObjects: 0.504000 ms CreateObjectMapping: 0.118600 ms MarkObjects: 3.482900 ms  DeleteObjects: 0.032700 ms)

AssetImportParameters requested are different than current active one (requested -> active):
  custom:framework-win-MediaFoundation: 216162199b28c13a410421893ffa2e32 -> 
  custom:video-decoder-ogg-theora: a1e56fd34408186e4bbccfd4996cb3dc -> 
  custom:container-muxer-webm: aa71ff27fc2769a1b78a27578f13a17b -> 
  custom:container-demuxer-webm: 4f35f7cbe854078d1ac9338744f61a02 -> 
  custom:container-demuxer-ogg: 62fdf1f143b41e24485cea50d1cbac27 -> 
  custom:video-encoder-webm-vp8: eb34c28f22e8b96e1ab97ce403110664 -> 
  custom:video-codec-MediaFoundation-h265: 746d11721c4dcdbdad8f713fa42b33f4 -> 
  custom:video-decoder-webm-vp8: 9c59270c3fd7afecdb556c50c9e8de78 -> 
  custom:audio-decoder-ogg-vorbis: bf7c407c2cedff20999df2af8eb42d56 -> 
  custom:audio-encoder-webm-vorbis: bf7c407c2cedff20999df2af8eb42d56 -> 
========================================================================
Received Prepare
Registering precompiled user dll's ...
Registered in 0.008639 seconds.
Begin MonoManager ReloadAssembly
Native extension for WindowsStandalone target not found
Native extension for WebGL target not found
Refreshing native plugins compatible for Editor in 2.05 ms, found 3 plugins.
Preloading 0 native plugins for Editor in 0.00 ms.
Mono: successfully reloaded assembly
- Completed reload, in  1.785 seconds
Platform modules already initialized, skipping
Refreshing native plugins compatible for Editor in 1.31 ms, found 3 plugins.
Preloading 0 native plugins for Editor in 0.00 ms.
Unloading 2302 Unused Serialized files (Serialized files now loaded: 0)
System memory in use before: 105.2 MB.
System memory in use after: 105.4 MB.

Unloading 19 unused Assets to reduce memory usage. Loaded Objects now: 2853.
Total: 3.166200 ms (FindLiveObjects: 0.323600 ms CreateObjectMapping: 0.089500 ms MarkObjects: 2.727900 ms  DeleteObjects: 0.023400 ms)

AssetImportParameters requested are different than current active one (requested -> active):
  custom:framework-win-MediaFoundation: 216162199b28c13a410421893ffa2e32 -> 
  custom:video-decoder-ogg-theora: a1e56fd34408186e4bbccfd4996cb3dc -> 
  custom:container-muxer-webm: aa71ff27fc2769a1b78a27578f13a17b -> 
  custom:container-demuxer-webm: 4f35f7cbe854078d1ac9338744f61a02 -> 
  custom:container-demuxer-ogg: 62fdf1f143b41e24485cea50d1cbac27 -> 
  custom:video-encoder-webm-vp8: eb34c28f22e8b96e1ab97ce403110664 -> 
  custom:video-codec-MediaFoundation-h265: 746d11721c4dcdbdad8f713fa42b33f4 -> 
  custom:video-decoder-webm-vp8: 9c59270c3fd7afecdb556c50c9e8de78 -> 
  custom:audio-decoder-ogg-vorbis: bf7c407c2cedff20999df2af8eb42d56 -> 
  custom:audio-encoder-webm-vorbis: bf7c407c2cedff20999df2af8eb42d56 -> 
========================================================================
Received Import Request.
  Time since last request: 6836.667395 seconds.
  path: Assets/Scenes/Kapitan Tiago firstfloor cutscene kabanata2.unity
  artifactKey: Guid(f584b0dc9791ef54790a0e9456d15929) Importer(815301076,1909f56bfc062723c751e8b465ee728b)
Start importing Assets/Scenes/Kapitan Tiago firstfloor cutscene kabanata2.unity using Guid(f584b0dc9791ef54790a0e9456d15929) Importer(815301076,1909f56bfc062723c751e8b465ee728b)  -> (artifact id: '6d2ffa2268eec8cabe7551ce1864988a') in 0.062978 seconds 
  Import took 0.069101 seconds .

========================================================================
Received Import Request.
  Time since last request: 43.256380 seconds.
  path: Assets/Scenes/Kapitan Tiago firstfloor cutscene kabanata1.unity
  artifactKey: Guid(f727cec2168ff1948a785dc86ccb7ac9) Importer(815301076,1909f56bfc062723c751e8b465ee728b)
Start importing Assets/Scenes/Kapitan Tiago firstfloor cutscene kabanata1.unity using Guid(f727cec2168ff1948a785dc86ccb7ac9) Importer(815301076,1909f56bfc062723c751e8b465ee728b)  -> (artifact id: '5ce0c25664c8f6625b7463140bedc13f') in 0.006710 seconds 
  Import took 0.012601 seconds .

========================================================================
Received Import Request.
  Time since last request: 10.478117 seconds.
  path: Assets/Scenes/Kapitan Tiago firstfloor cutscene kabanata3.unity
  artifactKey: Guid(6d5a601466623834597a4825de6a18db) Importer(815301076,1909f56bfc062723c751e8b465ee728b)
Start importing Assets/Scenes/Kapitan Tiago firstfloor cutscene kabanata3.unity using Guid(6d5a601466623834597a4825de6a18db) Importer(815301076,1909f56bfc062723c751e8b465ee728b)  -> (artifact id: 'd85124a6bf885ca9c78ac8da0fbf0e8b') in 0.007286 seconds 
  Import took 0.013346 seconds .

========================================================================
Received Import Request.
  Time since last request: 36.296568 seconds.
  path: Assets/Scenes/Kapitan Tiago firstfloor cutscene kabanata2.unity
  artifactKey: Guid(c28e0bdb9ae8af64aba4829f70f2de02) Importer(815301076,1909f56bfc062723c751e8b465ee728b)
Start importing Assets/Scenes/Kapitan Tiago firstfloor cutscene kabanata2.unity using Guid(c28e0bdb9ae8af64aba4829f70f2de02) Importer(815301076,1909f56bfc062723c751e8b465ee728b)  -> (artifact id: '86b66cd8dd63ef880652ee26a7acc12c') in 0.004528 seconds 
  Import took 0.010778 seconds .

========================================================================
Received Import Request.
  Time since last request: 0.000442 seconds.
  path: Assets/Scenes/Kapitan Tiago firstfloor cutscene kabanata2.unity
  artifactKey: Guid(c28e0bdb9ae8af64aba4829f70f2de02) Importer(815301076,1909f56bfc062723c751e8b465ee728b)
Start importing Assets/Scenes/Kapitan Tiago firstfloor cutscene kabanata2.unity using Guid(c28e0bdb9ae8af64aba4829f70f2de02) Importer(815301076,1909f56bfc062723c751e8b465ee728b)  -> (artifact id: '86b66cd8dd63ef880652ee26a7acc12c') in 0.004130 seconds 
  Import took 0.009429 seconds .

========================================================================
Received Import Request.
  Time since last request: 645.493282 seconds.
  path: Assets/Scenes/Kapitan Tiago firstfloor cutscene kabanata3.unity
  artifactKey: Guid(6d5a601466623834597a4825de6a18db) Importer(815301076,1909f56bfc062723c751e8b465ee728b)
Start importing Assets/Scenes/Kapitan Tiago firstfloor cutscene kabanata3.unity using Guid(6d5a601466623834597a4825de6a18db) Importer(815301076,1909f56bfc062723c751e8b465ee728b)  -> (artifact id: '2d8c90dee6015661628aad9f9e1f282b') in 0.006468 seconds 
  Import took 0.011599 seconds .

========================================================================
Received Import Request.
  Time since last request: 322.099943 seconds.
  path: Assets/Scenes/Kapitan Tiago firstfloor cutscene kabanata3.unity
  artifactKey: Guid(6d5a601466623834597a4825de6a18db) Importer(815301076,1909f56bfc062723c751e8b465ee728b)
Start importing Assets/Scenes/Kapitan Tiago firstfloor cutscene kabanata3.unity using Guid(6d5a601466623834597a4825de6a18db) Importer(815301076,1909f56bfc062723c751e8b465ee728b)  -> (artifact id: '7388f17b17c26ac3af77556318c1bfa9') in 0.005796 seconds 
  Import took 0.011519 seconds .

========================================================================
Received Import Request.
  Time since last request: 0.007291 seconds.
  path: Assets/Scenes/Kapitan Tiago firstfloor cutscene kabanata3.unity
  artifactKey: Guid(6d5a601466623834597a4825de6a18db) Importer(815301076,1909f56bfc062723c751e8b465ee728b)
Start importing Assets/Scenes/Kapitan Tiago firstfloor cutscene kabanata3.unity using Guid(6d5a601466623834597a4825de6a18db) Importer(815301076,1909f56bfc062723c751e8b465ee728b)  -> (artifact id: '7388f17b17c26ac3af77556318c1bfa9') in 0.005682 seconds 
  Import took 0.011658 seconds .

========================================================================
Received Import Request.
  Time since last request: 28.660158 seconds.
  path: Assets/Timeline/KapitanTiago Cutscene Kabanata 3.playable
  artifactKey: Guid(f468145c9a4c09f4dac25b9fc5d71934) Importer(815301076,1909f56bfc062723c751e8b465ee728b)
Start importing Assets/Timeline/KapitanTiago Cutscene Kabanata 3.playable using Guid(f468145c9a4c09f4dac25b9fc5d71934) Importer(815301076,1909f56bfc062723c751e8b465ee728b)  -> (artifact id: '0a54685c4df57f7a3c93ebd021c25efd') in 0.035343 seconds 
  Import took 0.041041 seconds .

========================================================================
Received Prepare
Registering precompiled user dll's ...
Registered in 0.008981 seconds.
Begin MonoManager ReloadAssembly
Native extension for WindowsStandalone target not found
Native extension for WebGL target not found
Refreshing native plugins compatible for Editor in 1.79 ms, found 3 plugins.
Preloading 0 native plugins for Editor in 0.00 ms.
Mono: successfully reloaded assembly
- Completed reload, in  1.670 seconds
Platform modules already initialized, skipping
Refreshing native plugins compatible for Editor in 2.04 ms, found 3 plugins.
Preloading 0 native plugins for Editor in 0.00 ms.
Unloading 2302 Unused Serialized files (Serialized files now loaded: 0)
System memory in use before: 105.4 MB.
System memory in use after: 105.6 MB.

Unloading 19 unused Assets to reduce memory usage. Loaded Objects now: 2857.
Total: 4.319100 ms (FindLiveObjects: 0.397800 ms CreateObjectMapping: 0.100100 ms MarkObjects: 3.792700 ms  DeleteObjects: 0.026700 ms)

AssetImportParameters requested are different than current active one (requested -> active):
  custom:framework-win-MediaFoundation: 216162199b28c13a410421893ffa2e32 -> 
  custom:video-decoder-ogg-theora: a1e56fd34408186e4bbccfd4996cb3dc -> 
  custom:container-muxer-webm: aa71ff27fc2769a1b78a27578f13a17b -> 
  custom:container-demuxer-webm: 4f35f7cbe854078d1ac9338744f61a02 -> 
  custom:container-demuxer-ogg: 62fdf1f143b41e24485cea50d1cbac27 -> 
  custom:video-encoder-webm-vp8: eb34c28f22e8b96e1ab97ce403110664 -> 
  custom:video-codec-MediaFoundation-h265: 746d11721c4dcdbdad8f713fa42b33f4 -> 
  custom:video-decoder-webm-vp8: 9c59270c3fd7afecdb556c50c9e8de78 -> 
  custom:audio-decoder-ogg-vorbis: bf7c407c2cedff20999df2af8eb42d56 -> 
  custom:audio-encoder-webm-vorbis: bf7c407c2cedff20999df2af8eb42d56 -> 
========================================================================
Received Prepare
Registering precompiled user dll's ...
Registered in 0.008729 seconds.
Begin MonoManager ReloadAssembly
Native extension for WindowsStandalone target not found
Native extension for WebGL target not found
Refreshing native plugins compatible for Editor in 1.56 ms, found 3 plugins.
Preloading 0 native plugins for Editor in 0.00 ms.
Mono: successfully reloaded assembly
- Completed reload, in  1.484 seconds
Platform modules already initialized, skipping
Refreshing native plugins compatible for Editor in 1.95 ms, found 3 plugins.
Preloading 0 native plugins for Editor in 0.00 ms.
Unloading 2302 Unused Serialized files (Serialized files now loaded: 0)
System memory in use before: 105.4 MB.
System memory in use after: 105.6 MB.

Unloading 19 unused Assets to reduce memory usage. Loaded Objects now: 2861.
Total: 2.697400 ms (FindLiveObjects: 0.282900 ms CreateObjectMapping: 0.068100 ms MarkObjects: 2.323900 ms  DeleteObjects: 0.021100 ms)

AssetImportParameters requested are different than current active one (requested -> active):
  custom:framework-win-MediaFoundation: 216162199b28c13a410421893ffa2e32 -> 
  custom:video-decoder-ogg-theora: a1e56fd34408186e4bbccfd4996cb3dc -> 
  custom:container-muxer-webm: aa71ff27fc2769a1b78a27578f13a17b -> 
  custom:container-demuxer-webm: 4f35f7cbe854078d1ac9338744f61a02 -> 
  custom:container-demuxer-ogg: 62fdf1f143b41e24485cea50d1cbac27 -> 
  custom:video-encoder-webm-vp8: eb34c28f22e8b96e1ab97ce403110664 -> 
  custom:video-codec-MediaFoundation-h265: 746d11721c4dcdbdad8f713fa42b33f4 -> 
  custom:video-decoder-webm-vp8: 9c59270c3fd7afecdb556c50c9e8de78 -> 
  custom:audio-decoder-ogg-vorbis: bf7c407c2cedff20999df2af8eb42d56 -> 
  custom:audio-encoder-webm-vorbis: bf7c407c2cedff20999df2af8eb42d56 -> 
========================================================================
Received Prepare
Registering precompiled user dll's ...
Registered in 0.012781 seconds.
Begin MonoManager ReloadAssembly
Native extension for WindowsStandalone target not found
Native extension for WebGL target not found
Refreshing native plugins compatible for Editor in 1.61 ms, found 3 plugins.
Preloading 0 native plugins for Editor in 0.00 ms.
Mono: successfully reloaded assembly
- Completed reload, in  2.357 seconds
Platform modules already initialized, skipping
Refreshing native plugins compatible for Editor in 1.70 ms, found 3 plugins.
Preloading 0 native plugins for Editor in 0.00 ms.
Unloading 2302 Unused Serialized files (Serialized files now loaded: 0)
System memory in use before: 105.4 MB.
System memory in use after: 105.6 MB.

Unloading 19 unused Assets to reduce memory usage. Loaded Objects now: 2865.
Total: 4.375100 ms (FindLiveObjects: 0.458800 ms CreateObjectMapping: 0.122800 ms MarkObjects: 3.756000 ms  DeleteObjects: 0.035500 ms)

AssetImportParameters requested are different than current active one (requested -> active):
  custom:framework-win-MediaFoundation: 216162199b28c13a410421893ffa2e32 -> 
  custom:video-decoder-ogg-theora: a1e56fd34408186e4bbccfd4996cb3dc -> 
  custom:container-muxer-webm: aa71ff27fc2769a1b78a27578f13a17b -> 
  custom:container-demuxer-webm: 4f35f7cbe854078d1ac9338744f61a02 -> 
  custom:container-demuxer-ogg: 62fdf1f143b41e24485cea50d1cbac27 -> 
  custom:video-encoder-webm-vp8: eb34c28f22e8b96e1ab97ce403110664 -> 
  custom:video-codec-MediaFoundation-h265: 746d11721c4dcdbdad8f713fa42b33f4 -> 
  custom:video-decoder-webm-vp8: 9c59270c3fd7afecdb556c50c9e8de78 -> 
  custom:audio-decoder-ogg-vorbis: bf7c407c2cedff20999df2af8eb42d56 -> 
  custom:audio-encoder-webm-vorbis: bf7c407c2cedff20999df2af8eb42d56 -> 
========================================================================
Received Prepare
Registering precompiled user dll's ...
Registered in 0.011680 seconds.
Begin MonoManager ReloadAssembly
Native extension for WindowsStandalone target not found
Native extension for WebGL target not found
Refreshing native plugins compatible for Editor in 2.17 ms, found 3 plugins.
Preloading 0 native plugins for Editor in 0.00 ms.
Mono: successfully reloaded assembly
- Completed reload, in  2.311 seconds
Platform modules already initialized, skipping
Refreshing native plugins compatible for Editor in 1.84 ms, found 3 plugins.
Preloading 0 native plugins for Editor in 0.00 ms.
Unloading 2302 Unused Serialized files (Serialized files now loaded: 0)
System memory in use before: 105.4 MB.
System memory in use after: 105.6 MB.

Unloading 19 unused Assets to reduce memory usage. Loaded Objects now: 2869.
Total: 8.538200 ms (FindLiveObjects: 2.003200 ms CreateObjectMapping: 0.342400 ms MarkObjects: 6.157700 ms  DeleteObjects: 0.032700 ms)

AssetImportParameters requested are different than current active one (requested -> active):
  custom:framework-win-MediaFoundation: 216162199b28c13a410421893ffa2e32 -> 
  custom:video-decoder-ogg-theora: a1e56fd34408186e4bbccfd4996cb3dc -> 
  custom:container-muxer-webm: aa71ff27fc2769a1b78a27578f13a17b -> 
  custom:container-demuxer-webm: 4f35f7cbe854078d1ac9338744f61a02 -> 
  custom:container-demuxer-ogg: 62fdf1f143b41e24485cea50d1cbac27 -> 
  custom:video-encoder-webm-vp8: eb34c28f22e8b96e1ab97ce403110664 -> 
  custom:video-codec-MediaFoundation-h265: 746d11721c4dcdbdad8f713fa42b33f4 -> 
  custom:video-decoder-webm-vp8: 9c59270c3fd7afecdb556c50c9e8de78 -> 
  custom:audio-decoder-ogg-vorbis: bf7c407c2cedff20999df2af8eb42d56 -> 
  custom:audio-encoder-webm-vorbis: bf7c407c2cedff20999df2af8eb42d56 -> 
========================================================================
Received Prepare
Registering precompiled user dll's ...
Registered in 0.011719 seconds.
Begin MonoManager ReloadAssembly
Native extension for WindowsStandalone target not found
Native extension for WebGL target not found
Refreshing native plugins compatible for Editor in 2.55 ms, found 3 plugins.
Preloading 0 native plugins for Editor in 0.00 ms.
Mono: successfully reloaded assembly
- Completed reload, in  2.340 seconds
Platform modules already initialized, skipping
Refreshing native plugins compatible for Editor in 2.83 ms, found 3 plugins.
Preloading 0 native plugins for Editor in 0.00 ms.
Unloading 2302 Unused Serialized files (Serialized files now loaded: 0)
System memory in use before: 105.3 MB.
System memory in use after: 105.5 MB.

Unloading 19 unused Assets to reduce memory usage. Loaded Objects now: 2873.
Total: 5.112500 ms (FindLiveObjects: 0.468900 ms CreateObjectMapping: 0.122000 ms MarkObjects: 4.485600 ms  DeleteObjects: 0.034100 ms)

AssetImportParameters requested are different than current active one (requested -> active):
  custom:framework-win-MediaFoundation: 216162199b28c13a410421893ffa2e32 -> 
  custom:video-decoder-ogg-theora: a1e56fd34408186e4bbccfd4996cb3dc -> 
  custom:container-muxer-webm: aa71ff27fc2769a1b78a27578f13a17b -> 
  custom:container-demuxer-webm: 4f35f7cbe854078d1ac9338744f61a02 -> 
  custom:container-demuxer-ogg: 62fdf1f143b41e24485cea50d1cbac27 -> 
  custom:video-encoder-webm-vp8: eb34c28f22e8b96e1ab97ce403110664 -> 
  custom:video-codec-MediaFoundation-h265: 746d11721c4dcdbdad8f713fa42b33f4 -> 
  custom:video-decoder-webm-vp8: 9c59270c3fd7afecdb556c50c9e8de78 -> 
  custom:audio-decoder-ogg-vorbis: bf7c407c2cedff20999df2af8eb42d56 -> 
  custom:audio-encoder-webm-vorbis: bf7c407c2cedff20999df2af8eb42d56 -> 
========================================================================
Received Prepare
Registering precompiled user dll's ...
Registered in 1.023436 seconds.
Begin MonoManager ReloadAssembly
Native extension for WindowsStandalone target not found
Native extension for WebGL target not found
Refreshing native plugins compatible for Editor in 2.41 ms, found 3 plugins.
Preloading 0 native plugins for Editor in 0.00 ms.
Mono: successfully reloaded assembly
- Completed reload, in 11.280 seconds
Platform modules already initialized, skipping
Refreshing native plugins compatible for Editor in 2.84 ms, found 3 plugins.
Preloading 0 native plugins for Editor in 0.00 ms.
Unloading 2302 Unused Serialized files (Serialized files now loaded: 0)
System memory in use before: 105.4 MB.
System memory in use after: 105.6 MB.

Unloading 19 unused Assets to reduce memory usage. Loaded Objects now: 2877.
Total: 6.021400 ms (FindLiveObjects: 0.635100 ms CreateObjectMapping: 0.158900 ms MarkObjects: 5.174900 ms  DeleteObjects: 0.049300 ms)

AssetImportParameters requested are different than current active one (requested -> active):
  custom:framework-win-MediaFoundation: 216162199b28c13a410421893ffa2e32 -> 
  custom:video-decoder-ogg-theora: a1e56fd34408186e4bbccfd4996cb3dc -> 
  custom:container-muxer-webm: aa71ff27fc2769a1b78a27578f13a17b -> 
  custom:container-demuxer-webm: 4f35f7cbe854078d1ac9338744f61a02 -> 
  custom:container-demuxer-ogg: 62fdf1f143b41e24485cea50d1cbac27 -> 
  custom:video-encoder-webm-vp8: eb34c28f22e8b96e1ab97ce403110664 -> 
  custom:video-codec-MediaFoundation-h265: 746d11721c4dcdbdad8f713fa42b33f4 -> 
  custom:video-decoder-webm-vp8: 9c59270c3fd7afecdb556c50c9e8de78 -> 
  custom:audio-decoder-ogg-vorbis: bf7c407c2cedff20999df2af8eb42d56 -> 
  custom:audio-encoder-webm-vorbis: bf7c407c2cedff20999df2af8eb42d56 -> 
AssetImportWorkerClient::OnTransportError - code=2 error=End of file
